<?xml version="1.0" encoding="UTF-8"?>
<!-- Generated by org.testng.reporters.JUnitReportReporter -->
<testsuite hostname="DESKTOP-B17C4B1" failures="0" tests="16" name="com.qa.opncart.test.AccountsPageTest" time="24.696" errors="0" timestamp="2023-12-06T17:00:04 GMT-06:00" skipped="0">
  <testcase classname="com.qa.opncart.test.AccountsPageTest" name="accountsPageURLTest" time="0.007"/>
  <testcase classname="com.qa.opncart.test.AccountsPageTest" name="selectProductTest" time="2.533"/>
  <testcase classname="com.qa.opncart.test.AccountsPageTest" name="searchProductCountTest" time="1.444"/>
  <testcase classname="com.qa.opncart.test.AccountsPageTest" name="searchProductCountTest" time="1.862"/>
  <testcase classname="com.qa.opncart.test.AccountsPageTest" name="searchProductCountTest" time="1.399"/>
  <testcase classname="com.qa.opncart.test.AccountsPageTest" name="accountsPageTitleTest" time="0.028"/>
  <testcase classname="com.qa.opncart.test.AccountsPageTest" name="selectProductTest" time="2.653"/>
  <testcase classname="com.qa.opncart.test.AccountsPageTest" name="searchTextExistsTest" time="0.230"/>
  <testcase classname="com.qa.opncart.test.AccountsPageTest" name="searchProductCountTest" time="1.438"/>
  <testcase classname="com.qa.opncart.test.AccountsPageTest" name="accountHeadersValueTest" time="0.100"/>
  <testcase classname="com.qa.opncart.test.AccountsPageTest" name="selectProductTest" time="2.363"/>
  <testcase classname="com.qa.opncart.test.AccountsPageTest" name="selectProductTest" time="3.669"/>
  <testcase classname="com.qa.opncart.test.AccountsPageTest" name="logoutLinkExistsTest" time="0.215"/>
  <testcase classname="com.qa.opncart.test.AccountsPageTest" name="accountHeadersCountTest" time="0.116"/>
  <testcase classname="com.qa.opncart.test.AccountsPageTest" name="selectProductTest" time="4.511"/>
  <testcase classname="com.qa.opncart.test.AccountsPageTest" name="selectProductTest" time="2.128"/>
</testsuite> <!-- com.qa.opncart.test.AccountsPageTest -->
