<?xml version="1.0" encoding="UTF-8"?>
<!-- Generated by org.testng.reporters.JUnitReportReporter -->
<testsuite hostname="DESKTOP-B17C4B1" failures="0" tests="4" name="com.qa.opencart.test.LoginPageTest" time="3.454" errors="0" timestamp="2023-12-20T18:44:02 GMT-06:00" skipped="0">
  <testcase classname="com.qa.opencart.test.LoginPageTest" name="loginPageTitleTest" time="0.144"/>
  <testcase classname="com.qa.opencart.test.LoginPageTest" name="loginPageURLTest" time="0.080"/>
  <testcase classname="com.qa.opencart.test.LoginPageTest" name="ForgotPasswordLinkExistsTest" time="0.270"/>
  <testcase classname="com.qa.opencart.test.LoginPageTest" name="loginTest" time="2.960"/>
</testsuite> <!-- com.qa.opencart.test.LoginPageTest -->
