<?xml version="1.0" encoding="UTF-8"?>
<!-- Generated by org.testng.reporters.JUnitReportReporter -->
<testsuite hostname="DESKTOP-B17C4B1" failures="0" tests="4" name="com.qa.opncart.test.LoginPageTest" time="2.375" errors="0" timestamp="2023-12-06T17:00:04 GMT-06:00" skipped="0">
  <testcase classname="com.qa.opncart.test.LoginPageTest" name="loginPageTitleTest" time="0.146"/>
  <testcase classname="com.qa.opncart.test.LoginPageTest" name="loginPageURLTest" time="0.027"/>
  <testcase classname="com.qa.opncart.test.LoginPageTest" name="ForgotPasswordLinkExistsTest" time="0.079"/>
  <testcase classname="com.qa.opncart.test.LoginPageTest" name="loginTest" time="2.123"/>
</testsuite> <!-- com.qa.opncart.test.LoginPageTest -->
