<?xml version="1.0" encoding="UTF-8"?>
<!-- Generated by org.testng.reporters.JUnitReportReporter -->
<testsuite hostname="DESKTOP-B17C4B1" failures="0" tests="3" name="com.qa.opncart.test.RegistrationPageTest" time="22.223" errors="0" timestamp="2023-12-06T17:00:04 GMT-06:00" skipped="0">
  <testcase classname="com.qa.opncart.test.RegistrationPageTest" name="userRegistrationTest" time="5.307"/>
  <testcase classname="com.qa.opncart.test.RegistrationPageTest" name="userRegistrationTest" time="4.801"/>
  <testcase classname="com.qa.opncart.test.RegistrationPageTest" name="userRegistrationTest" time="12.115"/>
</testsuite> <!-- com.qa.opncart.test.RegistrationPageTest -->
