<?xml version="1.0" encoding="UTF-8"?>
<!-- Generated by org.testng.reporters.JUnitReportReporter -->
<testsuite hostname="DESKTOP-B17C4B1" failures="0" tests="3" name="com.qa.opencart.test.RegistrationPageTest" time="33.742" errors="0" timestamp="2023-12-20T18:44:02 GMT-06:00" skipped="0">
  <testcase classname="com.qa.opencart.test.RegistrationPageTest" name="userRegistrationTest" time="8.239"/>
  <testcase classname="com.qa.opencart.test.RegistrationPageTest" name="userRegistrationTest" time="8.717"/>
  <testcase classname="com.qa.opencart.test.RegistrationPageTest" name="userRegistrationTest" time="16.786"/>
</testsuite> <!-- com.qa.opencart.test.RegistrationPageTest -->
