<?xml version="1.0" encoding="UTF-8"?>
<!-- Generated by org.testng.reporters.JUnitReportReporter -->
<testsuite hostname="DESKTOP-B17C4B1" failures="0" tests="16" name="com.qa.opencart.test.AccountsPageTest" time="20.822" errors="0" timestamp="2023-12-19T18:17:21 GMT-06:00" skipped="0">
  <testcase classname="com.qa.opencart.test.AccountsPageTest" name="searchTextExistsTest" time="0.184"/>
  <testcase classname="com.qa.opencart.test.AccountsPageTest" name="accountHeadersValueTest" time="0.052"/>
  <testcase classname="com.qa.opencart.test.AccountsPageTest" name="selectProductTest" time="2.201"/>
  <testcase classname="com.qa.opencart.test.AccountsPageTest" name="selectProductTest" time="2.234"/>
  <testcase classname="com.qa.opencart.test.AccountsPageTest" name="accountHeadersCountTest" time="1.067"/>
  <testcase classname="com.qa.opencart.test.AccountsPageTest" name="accountsPageTitleTest" time="0.019"/>
  <testcase classname="com.qa.opencart.test.AccountsPageTest" name="selectProductTest" time="2.441"/>
  <testcase classname="com.qa.opencart.test.AccountsPageTest" name="searchProductCountTest" time="1.740"/>
  <testcase classname="com.qa.opencart.test.AccountsPageTest" name="selectProductTest" time="2.369"/>
  <testcase classname="com.qa.opencart.test.AccountsPageTest" name="selectProductTest" time="1.988"/>
  <testcase classname="com.qa.opencart.test.AccountsPageTest" name="logoutLinkExistsTest" time="0.312"/>
  <testcase classname="com.qa.opencart.test.AccountsPageTest" name="accountsPageURLTest" time="0.011"/>
  <testcase classname="com.qa.opencart.test.AccountsPageTest" name="selectProductTest" time="2.205"/>
  <testcase classname="com.qa.opencart.test.AccountsPageTest" name="searchProductCountTest" time="1.327"/>
  <testcase classname="com.qa.opencart.test.AccountsPageTest" name="searchProductCountTest" time="1.322"/>
  <testcase classname="com.qa.opencart.test.AccountsPageTest" name="searchProductCountTest" time="1.350"/>
</testsuite> <!-- com.qa.opencart.test.AccountsPageTest -->
